<?xml version="1.0" encoding="UTF-8"?>
<!-- Generated by org.testng.reporters.JUnitReportReporter -->
<testsuite hostname="DESKTOP-9RU3LCU" failures="0" tests="1" name="FrameworkCRUDOperation.getSingleProject" time="12.240" errors="0" timestamp="2023-01-04T17:16:40 IST" skipped="0">
  <testcase classname="FrameworkCRUDOperation.getSingleProject" name="singleProject" time="12.240"/>
  <system-out/>
</testsuite> <!-- FrameworkCRUDOperation.getSingleProject -->
