<?xml version="1.0" encoding="UTF-8"?>
<!-- Generated by org.testng.reporters.JUnitReportReporter -->
<testsuite hostname="DESKTOP-9RU3LCU" failures="0" tests="1" name="FrameworkCRUDOperation.putProject" time="14.355" errors="0" timestamp="2023-01-04T17:25:56 IST" skipped="0">
  <testcase classname="FrameworkCRUDOperation.putProject" name="addProject" time="14.355"/>
  <system-out/>
</testsuite> <!-- FrameworkCRUDOperation.putProject -->
