<?xml version="1.0" encoding="UTF-8"?>
<!-- Generated by org.testng.reporters.JUnitReportReporter -->
<testsuite hostname="DESKTOP-9RU3LCU" failures="0" tests="1" name="FrameworkCRUDOperation.postRequestUsingUtilities" time="9.650" errors="0" timestamp="2023-01-04T15:44:26 IST" skipped="0">
  <testcase classname="FrameworkCRUDOperation.postRequestUsingUtilities" name="postRequest" time="9.650"/>
  <system-out/>
</testsuite> <!-- FrameworkCRUDOperation.postRequestUsingUtilities -->
