<?xml version="1.0" encoding="UTF-8"?>
<!-- Generated by org.testng.reporters.JUnitReportReporter -->
<testsuite hostname="DESKTOP-9RU3LCU" failures="0" tests="1" name="CRUDwithoutBDD.getSingleProject" time="14.870" errors="0" timestamp="2022-12-27T17:15:28 IST" skipped="0">
  <testcase classname="CRUDwithoutBDD.getSingleProject" name="getProject" time="14.870"/>
  <system-out/>
</testsuite> <!-- CRUDwithoutBDD.getSingleProject -->
