<?xml version="1.0" encoding="UTF-8"?>
<!-- Generated by org.testng.reporters.JUnitReportReporter -->
<testsuite hostname="DESKTOP-9RU3LCU" failures="0" tests="1" name="authentication.basicPreEmptiveAuth" time="11.399" errors="0" timestamp="2023-01-02T16:30:45 IST" skipped="0">
  <testcase classname="authentication.basicPreEmptiveAuth" name="PreEmptiveAuth" time="11.399"/>
  <system-out/>
</testsuite> <!-- authentication.basicPreEmptiveAuth -->
