<?xml version="1.0" encoding="UTF-8"?>
<!-- Generated by org.testng.reporters.JUnitReportReporter -->
<testsuite hostname="DESKTOP-9RU3LCU" failures="0" tests="1" name="CRUDwithoutBDD.putProject" time="15.569" errors="0" timestamp="2022-12-27T17:30:29 IST" skipped="0">
  <testcase classname="CRUDwithoutBDD.putProject" name="updateProject" time="15.569"/>
  <system-out/>
</testsuite> <!-- CRUDwithoutBDD.putProject -->
