<?xml version="1.0" encoding="UTF-8"?>
<!-- Generated by org.testng.reporters.JUnitReportReporter -->
<testsuite hostname="DESKTOP-9RU3LCU" failures="0" tests="1" name="TestYanta.restAssured.serializationOfEmpDetailsWithObject" time="0.547" errors="0" timestamp="2022-12-26T16:13:57 IST" skipped="0">
  <testcase classname="TestYanta.restAssured.serializationOfEmpDetailsWithObject" name="serializationOfEmployeeDetailsWithObject" time="0.547"/>
  <system-out/>
</testsuite> <!-- TestYanta.restAssured.serializationOfEmpDetailsWithObject -->
