<?xml version="1.0" encoding="UTF-8"?>
<!-- Generated by org.testng.reporters.JUnitReportReporter -->
<testsuite hostname="DESKTOP-9RU3LCU" failures="0" tests="2" name="requestSpecificationBuilderPrograms.WithUsingRequestSpecification" time="0.500" errors="0" timestamp="2023-01-04T11:56:06 IST" skipped="0">
  <testcase classname="requestSpecificationBuilderPrograms.WithUsingRequestSpecification" name="getBookingDetailsWithInvalidFirstName" time="0.078"/>
  <system-out/>
  <testcase classname="requestSpecificationBuilderPrograms.WithUsingRequestSpecification" name="getAllBookings" time="0.422"/>
  <system-out/>
</testsuite> <!-- requestSpecificationBuilderPrograms.WithUsingRequestSpecification -->
