<?xml version="1.0" encoding="UTF-8"?>
<!-- Generated by org.testng.reporters.JUnitReportReporter -->
<testsuite hostname="DESKTOP-9RU3LCU" failures="0" tests="1" name="authentication.auth2" time="20.598" errors="0" timestamp="2023-01-03T10:54:29 IST" skipped="0">
  <testcase classname="authentication.auth2" name="authentication" time="20.598"/>
  <system-out/>
</testsuite> <!-- authentication.auth2 -->
