<?xml version="1.0" encoding="UTF-8"?>
<!-- Generated by org.testng.reporters.JUnitReportReporter -->
<testsuite hostname="DESKTOP-9RU3LCU" failures="0" tests="1" name="CRUDwithBDD.addProjectInTextFormat" time="5.888" errors="0" timestamp="2022-12-28T15:57:15 IST" skipped="0">
  <testcase classname="CRUDwithBDD.addProjectInTextFormat" name="addProject" time="5.888"/>
  <system-out/>
</testsuite> <!-- CRUDwithBDD.addProjectInTextFormat -->
