<?xml version="1.0" encoding="UTF-8"?>
<!-- Generated by org.testng.reporters.JUnitReportReporter -->
<testsuite hostname="DESKTOP-9RU3LCU" failures="0" tests="1" name="authentication.basicDigestiveAuth" time="4.875" errors="0" timestamp="2023-01-02T15:46:20 IST" skipped="0">
  <testcase classname="authentication.basicDigestiveAuth" name="digestiveAuth" time="4.875"/>
  <system-out/>
</testsuite> <!-- authentication.basicDigestiveAuth -->
