<?xml version="1.0" encoding="UTF-8"?>
<!-- Generated by org.testng.reporters.JUnitReportReporter -->
<testsuite hostname="DESKTOP-9RU3LCU" failures="0" tests="2" name="dataProvider.postRequestUsingDataProvider" time="7.560" errors="0" timestamp="2022-12-29T12:39:07 IST" skipped="0">
  <testcase classname="dataProvider.postRequestUsingDataProvider" name="addProjectTest" time="0.219"/>
  <system-out/>
  <testcase classname="dataProvider.postRequestUsingDataProvider" name="addProjectTest" time="7.341"/>
  <system-out/>
</testsuite> <!-- dataProvider.postRequestUsingDataProvider -->
