<?xml version="1.0" encoding="UTF-8"?>
<!-- Generated by org.testng.reporters.JUnitReportReporter -->
<testsuite hostname="DESKTOP-9RU3LCU" failures="0" tests="1" name="FrameworkCRUDOperation.getAllProjects" time="6.561" errors="0" timestamp="2023-01-04T17:19:34 IST" skipped="0">
  <testcase classname="FrameworkCRUDOperation.getAllProjects" name="AllProject" time="6.561"/>
  <system-out/>
</testsuite> <!-- FrameworkCRUDOperation.getAllProjects -->
