<?xml version="1.0" encoding="UTF-8"?>
<!-- Generated by org.testng.reporters.JUnitReportReporter -->
<testsuite hostname="DESKTOP-9RU3LCU" failures="0" tests="1" name="CRUDwithBDD.AddProjectWithemptyBodyTest" time="12.381" errors="0" timestamp="2022-12-28T15:09:19 IST" skipped="0">
  <testcase classname="CRUDwithBDD.AddProjectWithemptyBodyTest" name="addProject" time="12.381"/>
  <system-out/>
</testsuite> <!-- CRUDwithBDD.AddProjectWithemptyBodyTest -->
