<?xml version="1.0" encoding="UTF-8"?>
<!-- Generated by org.testng.reporters.JUnitReportReporter -->
<testsuite hostname="DESKTOP-9RU3LCU" failures="0" tests="1" name="FrameworkCRUDOperation.deleteProject" time="8.582" errors="0" timestamp="2023-01-04T17:12:43 IST" skipped="0">
  <testcase classname="FrameworkCRUDOperation.deleteProject" name="DeleteProject" time="8.582"/>
  <system-out/>
</testsuite> <!-- FrameworkCRUDOperation.deleteProject -->
