<?xml version="1.0" encoding="UTF-8"?>
<!-- Generated by org.testng.reporters.JUnitReportReporter -->
<testsuite hostname="DESKTOP-9RU3LCU" failures="0" tests="1" name="CRUDwithBDD.AddProjectTest" time="15.782" errors="0" timestamp="2022-12-28T10:51:41 IST" skipped="0">
  <testcase classname="CRUDwithBDD.AddProjectTest" name="addProject" time="15.782"/>
  <system-out/>
</testsuite> <!-- CRUDwithBDD.AddProjectTest -->
