<?xml version="1.0" encoding="UTF-8"?>
<!-- Generated by org.testng.reporters.JUnitReportReporter -->
<testsuite hostname="DESKTOP-9RU3LCU" failures="0" tests="1" name="CRUDwithoutBDD.addProject" time="6.042" errors="0" timestamp="2022-12-28T14:58:21 IST" skipped="0">
  <testcase classname="CRUDwithoutBDD.addProject" name="addProject" time="6.042"/>
  <system-out/>
</testsuite> <!-- CRUDwithoutBDD.addProject -->
