<?xml version="1.0" encoding="UTF-8"?>
<!-- Generated by org.testng.reporters.JUnitReportReporter -->
<testsuite hostname="DESKTOP-9RU3LCU" failures="0" tests="1" name="validation.responseTime" time="15.814" errors="0" timestamp="2023-01-03T11:11:25 IST" skipped="0">
  <testcase classname="validation.responseTime" name="responsetime" time="15.814"/>
  <system-out/>
</testsuite> <!-- validation.responseTime -->
