<?xml version="1.0" encoding="UTF-8"?>
<!-- Generated by org.testng.reporters.JUnitReportReporter -->
<testsuite hostname="DESKTOP-9RU3LCU" failures="0" tests="1" name="authentication.basicAuth" time="8.390" errors="0" timestamp="2023-01-02T15:40:57 IST" skipped="0">
  <testcase classname="authentication.basicAuth" name="baseAuth" time="8.390"/>
  <system-out/>
</testsuite> <!-- authentication.basicAuth -->
