<?xml version="1.0" encoding="UTF-8"?>
<!-- Generated by org.testng.reporters.JUnitReportReporter -->
<testsuite hostname="DESKTOP-9RU3LCU" failures="0" tests="1" name="DfWaystoPost.createProjectUsingHashMap" time="13.403" errors="0" timestamp="2022-12-29T11:34:20 IST" skipped="0">
  <testcase classname="DfWaystoPost.createProjectUsingHashMap" name="createProjectHashMApTest" time="13.403"/>
  <system-out/>
</testsuite> <!-- DfWaystoPost.createProjectUsingHashMap -->
