<?xml version="1.0" encoding="UTF-8"?>
<!-- Generated by org.testng.reporters.JUnitReportReporter -->
<testsuite hostname="DESKTOP-9RU3LCU" failures="0" tests="1" name="CRUDwithBDD.AddProjectWithoutProjectname" time="11.541" errors="0" timestamp="2022-12-28T11:18:39 IST" skipped="0">
  <testcase classname="CRUDwithBDD.AddProjectWithoutProjectname" name="addProject" time="11.541"/>
  <system-out/>
</testsuite> <!-- CRUDwithBDD.AddProjectWithoutProjectname -->
