<?xml version="1.0" encoding="UTF-8"?>
<!-- Generated by org.testng.reporters.JUnitReportReporter -->
<testsuite hostname="DESKTOP-9RU3LCU" failures="0" tests="1" name="TestYanta.restAssured.deSerializationOfEmpWithArray" time="0.497" errors="0" timestamp="2022-12-26T17:55:46 IST" skipped="0">
  <testcase classname="TestYanta.restAssured.deSerializationOfEmpWithArray" name="deSerializationOfEmployeeWithArray" time="0.497"/>
  <system-out/>
</testsuite> <!-- TestYanta.restAssured.deSerializationOfEmpWithArray -->
