<?xml version="1.0" encoding="UTF-8"?>
<!-- Generated by org.testng.reporters.JUnitReportReporter -->
<testsuite hostname="DESKTOP-9RU3LCU" failures="0" tests="1" name="TestYanta.restAssured.serializationOfEmpDetailsWithArray" time="0.468" errors="0" timestamp="2022-12-26T16:14:07 IST" skipped="0">
  <testcase classname="TestYanta.restAssured.serializationOfEmpDetailsWithArray" name="serializationOfEmployeeDetailsWithArray" time="0.468"/>
  <system-out/>
</testsuite> <!-- TestYanta.restAssured.serializationOfEmpDetailsWithArray -->
